<?xml version="1.0" encoding="UTF-8"?>
<!-- Generated by org.testng.reporters.JUnitReportReporter -->
<testsuite hostname="DEESURFACE" failures="0" tests="2" name="HtmlLinkCheck" time="16.530" errors="0" timestamp="2021-11-19T11:42:37 GMT" skipped="0">
  <testcase classname="HtmlLinkCheck" name="openBrowserToCheckRow" time="5.241"/>
  <system-out/>
  <testcase classname="HtmlLinkCheck" name="checkLinkOk" time="11.289"/>
  <system-out/>
</testsuite> <!-- HtmlLinkCheck -->
